1547.49

1017.38

990.64

509.08

616.96

1411.56

821.62

1509.91

629.13

827.82

1153.42

423.23

213.18

1762.29

1263.67

1231.30

1900.22

994.24

832.36

391.21

1418.60

337.97

1027.10

746.33

1259.31

1711.06

544.52

1394.61

1717.24

647.50

1702.37

626.96

1133.01

1823.06

817.52

562.06

1636.86

1612.51

1208.89

1306.92

1192.82

1124.18

1015.69

1007.22

1025.18

1393.03

1675.59

1375.53

1469.96

1465.55

820.47

1264.17

1420.10

1571.54

1432.08

1648.37

1709.94

1314.55

1743.55

404.59

1770.42

1540.11

1618.28

1380.62

986.24

1105.88

1470.00

1764.24

1605.06

1672.67

1473.03

1456.15

1524.20

1061.85

1534.60

1657.03

1375.19

1639.14

647.57

864.66

1296.75

1423.59

1490.20

643.05

1568.19

1084.40

1487.97

1267.53

1077.88

1910.96

1456.13

1435.99

1567.04

1083.09

1183.57

754.62

1758.12

0.00

1688.25

1410.00

1234.20

1426.28

1702.69

528.03

1065.49

698.58

1513.57

1730.30

492.33

809.20

1223.94

1313.57

1669.27

64.15

1486.84

1606.22

1577.24

357.51

1790.04

1445.37

1170.37

1732.25

1530.29

1525.63

1617.39

740.08

992.56

1656.23

1713.21

1754.75

964.68

1537.79

1328.12

1847.01

1687.21

827.80

1155.47

1616.85

1793.85

1642.18

1583.80

755.90

817.33

1160.19

979.13

1184.02

1226.23

1547.57

1667.50

1651.77

1364.90

1279.86

513.84

1777.86

1362.10

1827.02

1531.85

1748.59

1742.39

1615.87

544.00

1420.23

1368.56

1318.87

1200.45

985.24

1182.86

1137.95

1393.88

1760.35

1351.96

1754.41

1302.97

1574.18

1500.57

1834.51

1471.83

714.23

1280.25

1284.25

924.87

1147.14

1066.03

1476.28

956.41

799.94

1750.69

459.75

1056.34

413.30

1402.79

940.40

1288.44

800.56

1818.79

1445.82

1622.75

1050.71

565.83

1804.33

1193.24

990.80

530.61

0.00

1854.23

968.72

1484.15

1787.67

1465.38

1540.84

992.89

1408.73

1957.35

405.91

1306.15

749.96

1215.14

1000.39

1274.66

1952.95

1611.31

880.18

1312.93

1654.93

1539.50

1287.55

1302.12

1238.33

1185.00

1596.48

1159.79

1832.72

1636.14

1039.79

1796.32

1296.59

499.46

1227.86

0.00

1563.99

909.75

1221.08

1450.01

1627.18

1646.14

1065.55

1611.99

941.61

1515.22

720.60

1796.67

1498.74

1672.14

1746.31

1761.20

661.52

595.20

1317.35

1600.32

978.59

1128.93

639.67

1426.56

1064.29

750.79

1790.92

1497.14

332.91

853.38

197.25

835.39

1585.39

1410.87

729.80

1180.79

614.20

583.63

1506.55

1696.98

1106.26

1201.52

1119.34

1717.79

1074.33

939.51

1510.45

699.32

437.11

1464.08

200.44

1706.53

1668.89

97.13

1734.77

1562.51

1418.44

806.78

1118.02

902.85

1887.23

952.61

797.85

1422.48

1270.47

1256.58

1724.85

1706.10

1522.33

1757.39

798.27

1514.24

1112.36

1421.56

989.86

1242.04

549.50

1938.99

828.35

1189.34

1912.89

1842.25

1137.67

1297.64

524.42

1601.04

1040.67

1032.41

665.33

1440.28

1451.87

950.11

1219.99

1330.81

1616.21

1312.38

1661.62

856.38

1486.48

1677.16

821.07

1627.72

1213.73

408.01

1829.69

1558.60

1320.89

646.76

695.84

462.98

1708.43

1134.56

282.98

1631.68

1028.58

1197.14

1484.08

855.79

1873.12

980.57

838.21

1700.34

1155.72

1670.72

1688.97

824.72

1525.10

670.16

1501.23

1264.79

1207.71

1474.66

538.44

1060.50

1110.58

1137.19

1304.22

1340.31

1444.08

414.10

1375.75

1842.80

1642.35

1660.41

1501.56

1244.06

1773.53

1697.74

882.02

1336.83

1285.34

509.03

1012.40

1604.90

1342.98

1228.15

1062.05

1163.88

984.48

1619.95

628.71

1690.34

1226.46

1734.21

1293.67

382.02

1047.40

626.81

227.59

515.93

1719.98

54.92

884.99

1502.24

1075.56

1390.33

0.00

1654.84

321.56

1509.46

1537.51

1777.57

1813.30

1945.24

1755.94

1598.02

609.28

1500.62

952.39

1169.38

1595.74

1728.26

1305.46

1906.76

1025.34

1030.34

1594.55

703.69

814.93

1674.43

1494.48

909.16

902.55

856.19

1473.13

1095.51

1593.13

1331.73

504.12

1293.62

1345.43

1687.73

1258.05

267.38

523.62

1839.00

1502.01

1623.56

972.53

783.57

1672.04

635.91

512.31

687.93

1097.67

1679.85

1044.57

1485.91

1685.25

984.06

1064.23

1755.07

644.63

902.19

1386.26

836.31

1327.90

1694.73

833.08

1000.97

1356.81

824.62

838.49

1983.63

1180.76

613.28

1621.00

1487.02

1408.55

1385.07

811.90

1738.41

1148.11

1785.26

1097.62

1050.84

1571.20

1530.12

1612.57

1117.89

1005.42

604.38

1402.67

1537.51

1582.21

948.23

1664.64

245.50

1609.04

819.43

851.85

1460.26

1535.55

425.27

510.85

983.39

841.08

1278.06

1188.58

1554.48

1347.53

778.41

697.77

1176.49

1727.04

1398.56

1581.79

1434.41

1206.38

920.11

1180.58

852.78

1195.97

1004.30

927.40

1137.96

137.03

1818.34

1187.93

740.99

1318.83

1940.59

1665.97

1456.10

1759.79

1383.95

0.00

251.88

920.93

1118.41

400.34

1077.42

979.73

78.67

1511.66

1444.57

1647.81

1567.27

634.19

1565.22

901.76

925.68

207.33

992.47

1516.47

1504.57

1632.20

808.93

35.96

1472.37

1481.11

250.88

1534.17

1113.70

1312.13

1134.94

313.29

1666.46

1419.38

1587.99

1147.91

1869.63

1274.77

1514.91

1767.66

289.71

1465.39

1405.76

1500.93

1498.57

1064.09

1354.22

721.36

938.18

1316.74

1435.55

1376.27

1364.83

1413.38

1479.24

1378.66

1711.43

813.55

709.30

470.79

1315.27

1328.93

985.04

1750.64

1522.91

1045.32

1764.51

1631.15

1194.10

1537.45

1642.82

1761.59

986.08

730.53

1246.65

1248.11

1216.98

334.95

1267.78

1782.61

1513.27

1032.36

916.17

998.22

647.24

864.45

462.64

1091.24

734.74

1207.56

1671.74

1089.88

138.36

1615.12

1397.40

889.76

1695.91

1626.15

1517.90

175.45

1859.71

1749.47

1117.47

1574.29

1581.38

1226.06

566.84

333.09

1469.27

950.22

506.75

952.70

90.16

1320.92

1206.14

899.69

1133.22

1418.20

1730.43

1545.18

650.60

1594.18

1454.52

1713.78

1365.18

1117.92

1701.81

1397.22

1038.17

385.28

1506.03

1085.26

1455.00

1471.31

836.51

1689.63

1669.33

1437.70

1704.59

1705.96

1772.12

1347.04

703.98

801.79

1627.41

862.98

793.64

636.89

1416.40

945.91

1141.51

1057.43

1461.55

1515.23

1070.75

1604.55

1409.79

1156.97

1234.68

1684.48

1707.21

921.48

1594.74

645.06

1660.41

371.17

995.90

1498.33

1261.94

1831.68

1733.38

1630.03

1153.00

652.73

1514.46

1328.79

374.46

1710.28

1281.50

947.86

1512.21

1664.69

1141.53

1159.46

580.44

1781.83

658.89

918.08

1446.32

1432.14

1623.78

1959.79

1123.91

32.35

1779.93

1541.61

475.96

657.38

1429.39

1536.14

794.31

1549.44

1109.28

1482.69

717.22

472.30

888.70

1263.50

1904.70

1302.99

1664.62

1544.78

638.26

1554.33

276.41

808.40

1800.51

1659.96

965.03

639.16

882.32

1561.16

1477.35

1512.53

805.49

1312.94

1942.74

1135.55

1617.87

191.07

986.16

1324.90

1614.47

1022.72

1768.08

888.37

505.79

1583.02

1595.05

834.62

1747.42

1314.28

1283.02

1688.36

393.32

1651.02

934.92

424.49

668.33

599.51

996.75

994.90

988.19

1411.20

1720.28

1467.59

968.51

1720.77

882.07

1744.34

1699.06

283.54

1246.88

1713.59

1571.69

598.93

1082.32

1719.80

1296.07

1431.96

1191.80

1757.37

1398.28

1631.53

1505.99

1672.54

1555.83

851.52

1238.13

1450.29

1793.31

1358.40

1710.21

1092.01

1218.86

1368.25

939.54

1374.89

392.53

1117.12

390.56

1856.06

1524.40

1011.23

1813.35

885.01

280.20

1603.27

1473.18

1799.37

891.43

1331.66

792.05

1107.90

1647.79

1409.52

202.77

1810.29

1014.63

1580.40

1752.20

1726.90

703.46

1318.31

1425.97

1393.50

873.90

1621.50

127.05

251.64

1419.84

868.86

1037.75

1634.94

1680.35

407.61

764.47

1760.00

1796.30

910.14

1205.93

1555.19

882.88

618.61

1643.25

1289.81

1935.19

952.14

1347.05

1697.06

867.08

598.30

1318.03

1278.16

1638.27

533.95

489.71

1375.84

1044.46

653.79

1655.55

1384.16

1473.08

1026.02

829.93

1765.41

1026.42

1502.77

439.92

1747.54

1672.74

461.40

1209.91

1509.78

735.23

1640.59

1289.76

1497.33

1803.03

1152.81

1383.04

922.71

1304.44

1711.91

1652.80

1595.76

1602.53

1448.00

1190.70

1375.30

1564.99

989.30

1729.80

1824.90

1795.95

1606.10

1351.77

1347.43

1061.88

1023.36

1209.86

1418.72

1759.78

1536.77

1753.59

1169.12

261.86

1374.10

1760.48

1164.53

646.48

1134.40

0.00

1898.36

1663.40

1191.50

321.34

275.08

1708.86

800.86

853.46

1491.92

1517.11

327.97

969.19

1695.69

788.06

1303.30

1292.61

1087.92

1862.43

1317.98

987.57

1334.63

1278.18

1464.44

1212.50

1346.62

323.28

1358.75

926.58

1782.68

1349.91

1385.34

806.51

1393.44

1336.75

660.34

1340.63

286.39

797.46

716.91

1633.54

1258.11

1266.33

423.24

1301.14

307.38

1326.90

1640.29

1948.57

1342.49

1546.18

1000.35

1419.90

1118.22
