11118.04
44127.06
3627.49
1646.93
5977.38
22409.55
9850.73
890.95
2743.75
1664.10
43883.46
4968.83
2064.01
4265.50
36655.02
4094.18
9370.06
9023.53
5262.42
18182.99
39045.50
31893.37
10560.91
453.88
12513.51
1797.35
12792.27
2948.60
21786.82
5135.32
14231.43
1162.06
3289.67
10248.19
30211.64
9556.69
865.03
237.82
9983.42
2106.05
13737.85
4537.25
5053.03
35373.79
9633.53
13800.18
9052.23
2476.22
12242.37
10086.77
140.84
1288.97
1873.61
1157.27
6235.36
4620.18
5734.12
3581.70
7573.47
731.44
8544.85
22768.16
6620.10
1395.97
942.23
8593.97
8735.03
4896.70
53355.33
15228.75
10548.90
11033.18
3132.05
16698.17
32627.72
12323.19
351.70
6495.41
1215.70
21795.37
14812.46
14414.58
12619.30
16275.42
226.05
18099.80
144.84
1682.42
12139.99
13363.95
15922.36
7963.85
14580.66
11408.05
4198.98
5743.57
11445.07
1192.75
88.24
15129.86
