-1
-1
-1
-1
6
-1
0
-1
0
-1
29
-1
-1
0
0
-1
0
-1
-1
0
0
-1
-1
-1
1
-1
-1
0
-1
44
-1
8
-1
1
-1
-1
-1
-1
0
1
0
8
-1
0
-1
0
-1
22
-1
-1
9
4
-1
-1
17
-1
14
4
-1
0
-1
12
57
-1
0
22
10
19
14
0
-1
10
-1
6
-1
-1
-1
-1
4
11
-1
60
67
-1
-1
-1
-1
2
0
-1
0
-1
-1
-1
-1
-1
6
-1
-1
26
35
20
7
-1
16
-1
0
0
-1
0
9
8
-1
6
-1
-1
12
13
-1
-1
-1
0
-1
0
-1
-1
-1
-1
-1
16
20
0
-1
-1
0
0
0
-1
25
-1
1
-1
0
-1
-1
-1
0
13
12
-1
2
0
0
0
-1
-1
-1
-1
0
0
22
0
17
-1
0
-1
-1
-1
-1
-1
2
17
0
3
-1
-1
0
-1
0
-1
-1
22
-1
0
3
-1
-1
-1
-1
0
-1
-1
-1
-1
1
-1
-1
-1
7
-1
-1
-1
-1
32
-1
-1
-1
-1
0
20
-1
-1
18
-1
35
0
47
20
24
-1
16
0
14
11
0
-1
0
-1
-1
-1
-1
-1
7
-1
0
-1
0
1
-1
31
-1
-1
0
-1
38
2
31
-1
6
-1
-1
2
-1
-1
-1
-1
0
3
0
5
0
0
-1
-1
0
-1
-1
0
-1
3
0
-1
10
7
-1
-1
-1
0
-1
0
0
2
3
0
-1
-1
0
6
2
0
-1
2
5
-1
-1
-1
-1
-1
-1
0
4
-1
13
-1
0
0
-1
-1
30
-1
-1
-1
-1
-1
-1
31
-1
-1
-1
0
0
0
0
-1
-1
-1
2
-1
-1
-1
-1
9
-1
0
-1
-1
-1
-1
10
-1
0
3
0
4
20
0
-1
-1
-1
-1
-1
-1
-1
21
27
-1
19
-1
-1
0
8
0
-1
-1
-1
2
-1
-1
-1
-1
10
6
13
9
-1
0
5
-1
-1
25
-1
-1
0
-1
-1
22
32
-1
-1
0
5
0
-1
-1
-1
-1
-1
12
-1
-1
-1
31
1
-1
-1
-1
7
-1
-1
-1
-1
-1
-1
8
2
24
11
-1
-1
-1
-1
-1
0
-1
2
-1
16
-1
4
2
-1
-1
-1
-1
57
0
-1
-1
5
-1
-1
-1
25
0
0
44
0
-1
0
0
20
0
-1
0
-1
11
3
-1
-1
9
4
0
34
-1
22
-1
-1
-1
-1
-1
0
-1
24
-1
13
48
5
16
-1
10
-1
4
-1
-1
18
-1
-1
-1
-1
-1
0
-1
1
-1
-1
-1
0
-1
-1
-1
11
-1
-1
11
0
-1
17
-1
40
-1
-1
13
-1
-1
-1
5
-1
0
21
-1
0
-1
-1
-1
20
0
11
11
-1
9
-1
-1
7
-1
-1
-1
0
-1
-1
10
-1
7
37
-1
5
-1
7
-1
-1
-1
-1
0
0
22
-1
-1
0
12
0
0
3
-1
0
-1
1
0
0
10
46
-1
-1
19
-1
-1
-1
23
-1
0
3
0
0
-1
0
68
-1
-1
47
-1
51
0
-1
-1
1
-1
-1
-1
-1
0
-1
-1
-1
28
-1
-1
7
-1
0
-1
-1
-1
-1
6
-1
-1
24
-1
9
-1
-1
20
-1
-1
-1
0
10
13
23
-1
-1
-1
-1
8
-1
0
-1
29
3
-1
8
20
0
29
-1
0
-1
-1
-1
30
0
0
-1
0
-1
-1
-1
-1
0
-1
-1
36
-1
-1
-1
0
-1
4
0
16
-1
-1
0
-1
-1
-1
0
0
59
-1
-1
46
-1
-1
26
-1
-1
18
-1
-1
0
-1
-1
-1
-1
-1
-1
-1
0
0
4
58
-1
-1
-1
-1
-1
-1
0
-1
-1
-1
0
-1
0
11
0
-1
-1
27
-1
27
-1
-1
-1
38
-1
-1
5
-1
68
-1
-1
11
16
-1
0
22
-1
8
16
31
22
-1
-1
0
12
-1
10
0
-1
-1
-1
-1
26
-1
-1
0
28
-1
-1
5
-1
5
0
8
7
-1
13
-1
-1
0
-1
7
38
15
17
2
-1
-1
-1
7
-1
10
-1
41
-1
-1
23
-1
7
-1
0
0
-1
21
-1
8
-1
-1
0
-1
-1
-1
2
-1
-1
-1
-1
-1
0
-1
22
0
4
6
0
-1
-1
3
-1
64
-1
76
0
-1
-1
5
-1
20
4
16
2
0
21
9
-1
-1
10
28
0
-1
-1
1
-1
-1
0
-1
-1
-1
0
0
0
-1
-1
-1
-1
20
-1
61
8
19
15
-1
-1
-1
-1
-1
-1
0
-1
-1
-1
-1
-1
27
-1
-1
0
-1
26
-1
-1
11
-1
0
-1
-1
0
-1
-1
14
12
-1
-1
16
-1
1
-1
-1
-1
-1
20
-1
-1
-1
-1
-1
11
-1
3
-1
-1
0
42
0
10
0
-1
0
-1
2
0
-1
-1
-1
1
4
-1
-1
2
26
43
-1
0
-1
20
-1
14
-1
8
9
-1
2
-1
0
-1
-1
0
-1
16
0
0
14
52
-1
-1
-1
0
-1
-1
-1
0
0
13
-1
-1
-1
1
4
2
-1
-1
1
3
36
28
31
35
7
-1
-1
-1
-1
40
2
9
-1
0
20
-1
31
3
-1
11
1
7
-1
-1
-1
1
0
